<?xml version="1.0" encoding="UTF-8"?>
<!-- Generated by org.testng.reporters.JUnitReportReporter -->
<testsuite hostname="DESKTOP-DVUHKKB" name="DemoActitime.DemoTestng" tests="3" failures="0" timestamp="29 Nov 2019 07:03:58 GMT" time="0.019" errors="0">
  <testcase name="CreateUser" time="0.010" classname="DemoActitime.DemoTestng"/>
  <testcase name="DeleteUser" time="0.003" classname="DemoActitime.DemoTestng"/>
  <testcase name="editUser" time="0.006" classname="DemoActitime.DemoTestng"/>
</testsuite> <!-- DemoActitime.DemoTestng -->
